0 info it worked if it ends with ok
1 verbose cli [ '/usr/local/bin/node',
1 verbose cli   '/usr/local/bin/npm',
1 verbose cli   'install',
1 verbose cli   '-g',
1 verbose cli   'node-gyp' ]
2 info using npm@2.3.0
3 info using node@v0.13.0-pre
4 silly cache add args [ 'node-gyp', null ]
5 verbose cache add spec node-gyp
6 silly cache add parsed spec { raw: 'node-gyp',
6 silly cache add   scope: null,
6 silly cache add   name: 'node-gyp',
6 silly cache add   rawSpec: '',
6 silly cache add   spec: '*',
6 silly cache add   type: 'range' }
7 verbose addNamed node-gyp@*
8 silly addNamed semver.valid null
9 silly addNamed semver.validRange *
10 silly addNameRange { name: 'node-gyp', range: '*', hasData: false }
11 silly mapToRegistry name node-gyp
12 silly mapToRegistry using default registry
13 silly mapToRegistry registry https://registry.npmjs.org/
14 silly mapToRegistry uri https://registry.npmjs.org/node-gyp
15 verbose addNameRange registry:https://registry.npmjs.org/node-gyp not in flight; fetching
16 verbose request uri https://registry.npmjs.org/node-gyp
17 verbose request no auth needed
18 info attempt registry request try #1 at 13:59:14
19 verbose request id 45e18fac75fe17c7
20 verbose etag "5NQVOGPSAZYYNEQZO75U3CYQV"
21 http request GET https://registry.npmjs.org/node-gyp
22 http 304 https://registry.npmjs.org/node-gyp
23 silly get cb [ 304,
23 silly get   { date: 'Fri, 03 Apr 2015 20:59:19 GMT',
23 silly get     server: 'Apache',
23 silly get     via: '1.1 varnish',
23 silly get     'last-modified': 'Fri, 03 Apr 2015 20:59:19 GMT',
23 silly get     'cache-control': 'max-age=60',
23 silly get     etag: '"5NQVOGPSAZYYNEQZO75U3CYQV"',
23 silly get     age: '0',
23 silly get     'x-served-by': 'cache-fra1244-FRA',
23 silly get     'x-cache': 'HIT',
23 silly get     'x-cache-hits': '1',
23 silly get     'x-timer': 'S1428094759.545188,VS0,VE421',
23 silly get     vary: 'Accept',
23 silly get     'content-length': '0',
23 silly get     'keep-alive': 'timeout=10, max=50',
23 silly get     connection: 'Keep-Alive' } ]
24 verbose etag https://registry.npmjs.org/node-gyp from cache
25 silly addNameRange number 2 { name: 'node-gyp', range: '*', hasData: true }
26 silly addNameRange versions [ 'node-gyp',
26 silly addNameRange   [ '0.0.1',
26 silly addNameRange     '0.0.2',
26 silly addNameRange     '0.0.3',
26 silly addNameRange     '0.0.4',
26 silly addNameRange     '0.0.5',
26 silly addNameRange     '0.0.6',
26 silly addNameRange     '0.1.0',
26 silly addNameRange     '0.1.1',
26 silly addNameRange     '0.1.2',
26 silly addNameRange     '0.1.3',
26 silly addNameRange     '0.1.4',
26 silly addNameRange     '0.2.0',
26 silly addNameRange     '0.2.1',
26 silly addNameRange     '0.2.2',
26 silly addNameRange     '0.3.0',
26 silly addNameRange     '0.3.1',
26 silly addNameRange     '0.3.2',
26 silly addNameRange     '0.3.4',
26 silly addNameRange     '0.3.5',
26 silly addNameRange     '0.3.6',
26 silly addNameRange     '0.3.7',
26 silly addNameRange     '0.3.8',
26 silly addNameRange     '0.3.9',
26 silly addNameRange     '0.3.10',
26 silly addNameRange     '0.3.11',
26 silly addNameRange     '0.4.0',
26 silly addNameRange     '0.4.1',
26 silly addNameRange     '0.4.2',
26 silly addNameRange     '0.4.3',
26 silly addNameRange     '0.4.4',
26 silly addNameRange     '0.4.5',
26 silly addNameRange     '0.5.0',
26 silly addNameRange     '0.5.1',
26 silly addNameRange     '0.5.2',
26 silly addNameRange     '0.5.3',
26 silly addNameRange     '0.5.4',
26 silly addNameRange     '0.5.5',
26 silly addNameRange     '0.5.6',
26 silly addNameRange     '0.5.7',
26 silly addNameRange     '0.5.8',
26 silly addNameRange     '0.6.0',
26 silly addNameRange     '0.6.1',
26 silly addNameRange     '0.6.2',
26 silly addNameRange     '0.6.3',
26 silly addNameRange     '0.6.4',
26 silly addNameRange     '0.6.5',
26 silly addNameRange     '0.6.6',
26 silly addNameRange     '0.6.7',
26 silly addNameRange     '0.6.8',
26 silly addNameRange     '0.6.9',
26 silly addNameRange     '0.6.10',
26 silly addNameRange     '0.6.11',
26 silly addNameRange     '0.7.0',
26 silly addNameRange     '0.7.1',
26 silly addNameRange     '0.7.2',
26 silly addNameRange     '0.7.3',
26 silly addNameRange     '0.8.0',
26 silly addNameRange     '0.8.1',
26 silly addNameRange     '0.8.2',
26 silly addNameRange     '0.8.3',
26 silly addNameRange     '0.8.4',
26 silly addNameRange     '0.8.5',
26 silly addNameRange     '0.9.0',
26 silly addNameRange     '0.9.1',
26 silly addNameRange     '0.9.2',
26 silly addNameRange     '0.9.3',
26 silly addNameRange     '0.9.4',
26 silly addNameRange     '0.9.5',
26 silly addNameRange     '0.9.6',
26 silly addNameRange     '0.10.0',
26 silly addNameRange     '0.10.1',
26 silly addNameRange     '0.10.2',
26 silly addNameRange     '0.10.3',
26 silly addNameRange     '0.10.4',
26 silly addNameRange     '0.10.5',
26 silly addNameRange     '0.10.6',
26 silly addNameRange     '0.10.7',
26 silly addNameRange     '0.10.8',
26 silly addNameRange     '0.10.9',
26 silly addNameRange     '0.10.10',
26 silly addNameRange     '0.11.0',
26 silly addNameRange     '0.12.0',
26 silly addNameRange     '0.12.1',
26 silly addNameRange     '0.12.2',
26 silly addNameRange     '0.13.0',
26 silly addNameRange     '0.13.1',
26 silly addNameRange     '1.0.0',
26 silly addNameRange     '1.0.1',
26 silly addNameRange     '1.0.2',
26 silly addNameRange     '1.0.3' ] ]
27 verbose addNamed node-gyp@1.0.3
28 silly addNamed semver.valid 1.0.3
29 silly addNamed semver.validRange 1.0.3
30 silly cache afterAdd node-gyp@1.0.3
31 verbose afterAdd /home/mendes/.npm/node-gyp/1.0.3/package/package.json not in flight; writing
32 verbose afterAdd /home/mendes/.npm/node-gyp/1.0.3/package/package.json written
33 silly install resolved [ { name: 'node-gyp',
33 silly install resolved     description: 'Node.js native addon build tool',
33 silly install resolved     keywords: [ 'native', 'addon', 'module', 'c', 'c++', 'bindings', 'gyp' ],
33 silly install resolved     version: '1.0.3',
33 silly install resolved     installVersion: 9,
33 silly install resolved     author:
33 silly install resolved      { name: 'Nathan Rajlich',
33 silly install resolved        email: 'nathan@tootallnate.net',
33 silly install resolved        url: 'http://tootallnate.net' },
33 silly install resolved     repository:
33 silly install resolved      { type: 'git',
33 silly install resolved        url: 'git://github.com/TooTallNate/node-gyp.git' },
33 silly install resolved     preferGlobal: true,
33 silly install resolved     bin: { 'node-gyp': './bin/node-gyp.js' },
33 silly install resolved     main: './lib/node-gyp.js',
33 silly install resolved     dependencies:
33 silly install resolved      { fstream: '^1.0.0',
33 silly install resolved        glob: '3 || 4',
33 silly install resolved        'graceful-fs': '3',
33 silly install resolved        minimatch: '1',
33 silly install resolved        mkdirp: '^0.5.0',
33 silly install resolved        nopt: '2 || 3',
33 silly install resolved        npmlog: '0 || 1',
33 silly install resolved        osenv: '0',
33 silly install resolved        request: '2',
33 silly install resolved        rimraf: '2',
33 silly install resolved        semver: '2.x || 3.x || 4',
33 silly install resolved        tar: '^1.0.0',
33 silly install resolved        which: '1' },
33 silly install resolved     engines: { node: '>= 0.8.0' },
33 silly install resolved     gitHead: 'abad2b58c03de713eb1805f7a681b1084c08b316',
33 silly install resolved     bugs: { url: 'https://github.com/TooTallNate/node-gyp/issues' },
33 silly install resolved     homepage: 'https://github.com/TooTallNate/node-gyp',
33 silly install resolved     _id: 'node-gyp@1.0.3',
33 silly install resolved     scripts: {},
33 silly install resolved     _shasum: 'a2f63f2df0b1f6cc69fa54bce3cc298aa769cbd8',
33 silly install resolved     _from: 'node-gyp@*',
33 silly install resolved     _npmVersion: '1.4.28',
33 silly install resolved     _npmUser: { name: 'tootallnate', email: 'nathan@tootallnate.net' },
33 silly install resolved     maintainers: [ [Object], [Object], [Object] ],
33 silly install resolved     dist:
33 silly install resolved      { shasum: 'a2f63f2df0b1f6cc69fa54bce3cc298aa769cbd8',
33 silly install resolved        tarball: 'http://registry.npmjs.org/node-gyp/-/node-gyp-1.0.3.tgz' },
33 silly install resolved     directories: {},
33 silly install resolved     _resolved: 'https://registry.npmjs.org/node-gyp/-/node-gyp-1.0.3.tgz',
33 silly install resolved     readme: 'ERROR: No README data found!' } ]
34 info install node-gyp@1.0.3 into /usr/local/lib
35 info installOne node-gyp@1.0.3
36 verbose installOne of node-gyp to /usr/local/lib not in flight; installing
37 verbose lock using /home/mendes/.npm/_locks/node-gyp-7153cdcb940d3c17.lock for /usr/local/lib/node_modules/node-gyp
38 warn engine node-gyp@1.0.3: wanted: {"node":">= 0.8.0"} (current: {"node":"0.13.0-pre","npm":"2.3.0"})
39 silly install write writing node-gyp 1.0.3 to /usr/local/lib/node_modules/node-gyp
40 silly cache addNamed cb node-gyp@1.0.3
41 verbose unbuild lib/node_modules/node-gyp
42 verbose gentlyRm vacuuming /usr/local/lib/node_modules/node-gyp
43 verbose tar unpack /home/mendes/.npm/node-gyp/1.0.3/package.tgz
44 verbose tar unpacking to /usr/local/lib/node_modules/node-gyp
45 verbose gentlyRm vacuuming /usr/local/lib/node_modules/node-gyp
46 silly gunzTarPerm modes [ '775', '664' ]
47 error tar.unpack untar error /home/mendes/.npm/node-gyp/1.0.3/package.tgz
48 verbose unlock done using /home/mendes/.npm/_locks/node-gyp-7153cdcb940d3c17.lock for /usr/local/lib/node_modules/node-gyp
49 verbose fstream_path /usr/local/lib/node_modules/node-gyp
50 verbose fstream_type Directory
51 verbose fstream_class DirWriter
52 verbose stack Error: EACCES, mkdir '/usr/local/lib/node_modules/node-gyp'
52 verbose stack     at Error (native)
53 verbose fstream_stack /usr/local/lib/node_modules/npm/node_modules/fstream/lib/dir-writer.js:36:23
53 verbose fstream_stack /usr/local/lib/node_modules/npm/node_modules/mkdirp/index.js:46:53
53 verbose fstream_stack FSReqWrap.oncomplete (fs.js:99:15)
54 verbose cwd /home/mendes/Documents/drillix/angular-seed
55 error Linux 3.13.0-32-generic
56 error argv "/usr/local/bin/node" "/usr/local/bin/npm" "install" "-g" "node-gyp"
57 error node v0.13.0-pre
58 error npm  v2.3.0
59 error path /usr/local/lib/node_modules/node-gyp
60 error code EACCES
61 error errno -13
62 error Error: EACCES, mkdir '/usr/local/lib/node_modules/node-gyp'
62 error     at Error (native)
62 error  { [Error: EACCES, mkdir '/usr/local/lib/node_modules/node-gyp']
62 error   errno: -13,
62 error   code: 'EACCES',
62 error   path: '/usr/local/lib/node_modules/node-gyp',
62 error   fstream_type: 'Directory',
62 error   fstream_path: '/usr/local/lib/node_modules/node-gyp',
62 error   fstream_class: 'DirWriter',
62 error   fstream_stack:
62 error    [ '/usr/local/lib/node_modules/npm/node_modules/fstream/lib/dir-writer.js:36:23',
62 error      '/usr/local/lib/node_modules/npm/node_modules/mkdirp/index.js:46:53',
62 error      'FSReqWrap.oncomplete (fs.js:99:15)' ] }
63 error Please try running this command again as root/Administrator.
64 verbose exit [ -13, true ]
65 verbose unbuild lib/node_modules/node-gyp
66 verbose gentlyRm vacuuming /usr/local/lib/node_modules/node-gyp
