0 info it worked if it ends with ok
1 verbose cli [ '/usr/bin/node', '/usr/bin/npm', 'install', 'Prozess' ]
2 info using npm@1.4.28
3 info using node@v0.10.37
4 verbose node symlink /usr/bin/node
5 warn package.json storm@1.0.0 No repository field.
6 verbose readDependencies using package.json deps
7 verbose cache add [ 'Prozess', null ]
8 verbose cache add name=undefined spec="Prozess" args=["Prozess",null]
9 verbose parsed url { protocol: null,
9 verbose parsed url   slashes: null,
9 verbose parsed url   auth: null,
9 verbose parsed url   host: null,
9 verbose parsed url   port: null,
9 verbose parsed url   hostname: null,
9 verbose parsed url   hash: null,
9 verbose parsed url   search: null,
9 verbose parsed url   query: null,
9 verbose parsed url   pathname: 'Prozess',
9 verbose parsed url   path: 'Prozess',
9 verbose parsed url   href: 'Prozess' }
10 silly lockFile beb029c0-Prozess Prozess
11 verbose lock Prozess /home/vagrant/.npm/beb029c0-Prozess.lock
12 silly lockFile beb029c0-Prozess Prozess
13 silly lockFile beb029c0-Prozess Prozess
14 verbose addNamed [ 'Prozess', '' ]
15 verbose addNamed [ null, '*' ]
16 silly lockFile 81737506-Prozess Prozess@
17 verbose lock Prozess@ /home/vagrant/.npm/81737506-Prozess.lock
18 silly addNameRange { name: 'Prozess', range: '*', hasData: false }
19 verbose request where is /Prozess
20 verbose request registry https://registry.npmjs.org/
21 verbose request id 59c936b8ab012792
22 verbose url raw /Prozess
23 verbose url resolving [ 'https://registry.npmjs.org/', './Prozess' ]
24 verbose url resolved https://registry.npmjs.org/Prozess
25 verbose request where is https://registry.npmjs.org/Prozess
26 info trying registry request attempt 1 at 14:14:30
27 http GET https://registry.npmjs.org/Prozess
28 http 404 https://registry.npmjs.org/Prozess
29 verbose headers { server: 'CouchDB/1.5.0 (Erlang OTP/R16B03)',
29 verbose headers   'content-type': 'application/json',
29 verbose headers   'cache-control': 'max-age=0',
29 verbose headers   'content-length': '51',
29 verbose headers   'accept-ranges': 'bytes',
29 verbose headers   date: 'Wed, 29 Jul 2015 14:14:40 GMT',
29 verbose headers   via: '1.1 varnish',
29 verbose headers   age: '0',
29 verbose headers   connection: 'keep-alive',
29 verbose headers   'x-served-by': 'cache-dfw1821-DFW',
29 verbose headers   'x-cache': 'MISS',
29 verbose headers   'x-cache-hits': '0',
29 verbose headers   'x-timer': 'S1438179280.416794,VS0,VE52' }
30 silly registry.get cb [ 404,
30 silly registry.get   { server: 'CouchDB/1.5.0 (Erlang OTP/R16B03)',
30 silly registry.get     'content-type': 'application/json',
30 silly registry.get     'cache-control': 'max-age=0',
30 silly registry.get     'content-length': '51',
30 silly registry.get     'accept-ranges': 'bytes',
30 silly registry.get     date: 'Wed, 29 Jul 2015 14:14:40 GMT',
30 silly registry.get     via: '1.1 varnish',
30 silly registry.get     age: '0',
30 silly registry.get     connection: 'keep-alive',
30 silly registry.get     'x-served-by': 'cache-dfw1821-DFW',
30 silly registry.get     'x-cache': 'MISS',
30 silly registry.get     'x-cache-hits': '0',
30 silly registry.get     'x-timer': 'S1438179280.416794,VS0,VE52' } ]
31 silly lockFile 81737506-Prozess Prozess@
32 silly lockFile 81737506-Prozess Prozess@
33 error 404 404 Not Found: Prozess
33 error 404
33 error 404 'Prozess' is not in the npm registry.
33 error 404 You should bug the author to publish it
33 error 404 It was specified as a dependency of 'storm'
33 error 404
33 error 404 Note that you can also install from a
33 error 404 tarball, folder, or http url, or git url.
34 error System Linux 3.13.0-24-generic
35 error command "/usr/bin/node" "/usr/bin/npm" "install" "Prozess"
36 error cwd /vagrant/drillix/dockers/v0.1/storm
37 error node -v v0.10.37
38 error npm -v 1.4.28
39 error code E404
40 verbose exit [ 1, true ]
